\BOOKMARK [1][-]{section.1}{Lernfeld 1A - Betrieb und sein Umfeld}{}% 1
\BOOKMARK [2][-]{subsection.1.1}{tl;dr - Zusammenfassung der Zusammenfassung}{section.1}% 2
\BOOKMARK [2][-]{subsection.1.2}{Einf\374hrung}{section.1}% 3
\BOOKMARK [2][-]{subsection.1.3}{Werbung}{section.1}% 4
\BOOKMARK [2][-]{subsection.1.4}{Bed\374rfnisse, Bedarf und Nachfrage}{section.1}% 5
\BOOKMARK [2][-]{subsection.1.5}{Betriebliche Kennzahlen}{section.1}% 6
\BOOKMARK [2][-]{subsection.1.6}{Preisfindung}{section.1}% 7
\BOOKMARK [2][-]{subsection.1.7}{Wirtschaftskreislauf}{section.1}% 8
\BOOKMARK [2][-]{subsection.1.8}{Der Staat: soziale Marktwirtschaft:}{section.1}% 9
\BOOKMARK [2][-]{subsection.1.9}{Marktstrukturen und ihre Auswirkungen}{section.1}% 10
\BOOKMARK [3][-]{subsubsection.1.9.1}{\326konomische Prinzipien}{subsection.1.9}% 11
\BOOKMARK [3][-]{subsubsection.1.9.2}{Anbieter- und Nachfragerverhalten}{subsection.1.9}% 12
\BOOKMARK [3][-]{subsubsection.1.9.3}{Vollkommener Markt}{subsection.1.9}% 13
\BOOKMARK [3][-]{subsubsection.1.9.4}{Auswirkung der Ver\344nderung von Angebot und Nachfrage}{subsection.1.9}% 14
\BOOKMARK [2][-]{subsection.1.10}{Kooperation \046 Konzentration}{section.1}% 15
\BOOKMARK [2][-]{subsection.1.11}{Entgeltabrechnung}{section.1}% 16
\BOOKMARK [3][-]{subsubsection.1.11.1}{Gehaltsbestandteile}{subsection.1.11}% 17
\BOOKMARK [3][-]{subsubsection.1.11.2}{Abz\374ge}{subsection.1.11}% 18
\BOOKMARK [3][-]{subsubsection.1.11.3}{Beispielabrechnung}{subsection.1.11}% 19
\BOOKMARK [2][-]{subsection.1.12}{Rechts- und Gesch\344ftsf\344higkeit}{section.1}% 20
\BOOKMARK [3][-]{subsubsection.1.12.1}{Rechtsordnung}{subsection.1.12}% 21
\BOOKMARK [3][-]{subsubsection.1.12.2}{Rechtsgesch\344fte}{subsection.1.12}% 22
\BOOKMARK [2][-]{subsection.1.13}{Existenzgr\374ndung}{section.1}% 23
\BOOKMARK [3][-]{subsubsection.1.13.1}{Unternehmen, Firma und Betrieb}{subsection.1.13}% 24
\BOOKMARK [3][-]{subsubsection.1.13.2}{Gr\374nden einer Unternehmung}{subsection.1.13}% 25
\BOOKMARK [3][-]{subsubsection.1.13.3}{Kaufmannseigenschaft}{subsection.1.13}% 26
\BOOKMARK [3][-]{subsubsection.1.13.4}{Handelsregister}{subsection.1.13}% 27
\BOOKMARK [3][-]{subsubsection.1.13.5}{Firma}{subsection.1.13}% 28
\BOOKMARK [3][-]{subsubsection.1.13.6}{Vollmachten}{subsection.1.13}% 29
\BOOKMARK [3][-]{subsubsection.1.13.7}{Unternehmensformen}{subsection.1.13}% 30
\BOOKMARK [2][-]{subsection.1.14}{St\366rungen im Beschaffungs- und Lieferungsprozess}{section.1}% 31
\BOOKMARK [3][-]{subsubsection.1.14.1}{Mangelhafte Lieferung}{subsection.1.14}% 32
\BOOKMARK [3][-]{subsubsection.1.14.2}{Annahmeverzug}{subsection.1.14}% 33
\BOOKMARK [3][-]{subsubsection.1.14.3}{Lieferverzug}{subsection.1.14}% 34
\BOOKMARK [3][-]{subsubsection.1.14.4}{Zahlungsverzug}{subsection.1.14}% 35
\BOOKMARK [1][-]{section.2}{Lernfeld 1B - Recht und Wirtschaft}{}% 36
\BOOKMARK [2][-]{subsection.2.1}{tl;dr - Zusammenfassung der Zusammenfassung}{section.2}% 37
\BOOKMARK [1][-]{section.3}{Lernfeld 2 - Gesch\344ftsprozesse und betriebliche Organisation}{}% 38
\BOOKMARK [2][-]{subsection.3.1}{tl;dr - Zusammenfassung der Zusammenfassung}{section.3}% 39
\BOOKMARK [2][-]{subsection.3.2}{Projektmanagment}{section.3}% 40
\BOOKMARK [3][-]{subsubsection.3.2.1}{Kriterien eines Projektes}{subsection.3.2}% 41
\BOOKMARK [3][-]{subsubsection.3.2.2}{Anl\344sse f\374r Projekte}{subsection.3.2}% 42
\BOOKMARK [3][-]{subsubsection.3.2.3}{Magisches Dreieck des Projektmanagments}{subsection.3.2}% 43
\BOOKMARK [3][-]{subsubsection.3.2.4}{Planungsphasen von Projekten}{subsection.3.2}% 44
\BOOKMARK [3][-]{subsubsection.3.2.5}{Projektantrag und Projektauftrag}{subsection.3.2}% 45
\BOOKMARK [3][-]{subsubsection.3.2.6}{Lasten- und Pflichtenheft}{subsection.3.2}% 46
\BOOKMARK [3][-]{subsubsection.3.2.7}{Warum hat Projektmanagement an Bedeutung gewonnen?}{subsection.3.2}% 47
\BOOKMARK [3][-]{subsubsection.3.2.8}{Projektorganisation}{subsection.3.2}% 48
\BOOKMARK [3][-]{subsubsection.3.2.9}{Projektkoordination}{subsection.3.2}% 49
\BOOKMARK [2][-]{subsection.3.3}{Unternehmensorganisation}{section.3}% 50
\BOOKMARK [2][-]{subsection.3.4}{Projektcontrolling}{section.3}% 51
\BOOKMARK [3][-]{subsubsection.3.4.1}{Betriebswirtschaftliche Kennzahlen und Auswertungen}{subsection.3.4}% 52
\BOOKMARK [3][-]{subsubsection.3.4.2}{Benchmarking}{subsection.3.4}% 53
\BOOKMARK [3][-]{subsubsection.3.4.3}{Balanced Scorecard}{subsection.3.4}% 54
\BOOKMARK [2][-]{subsection.3.5}{Mitarbeitermotivation}{section.3}% 55
\BOOKMARK [3][-]{subsubsection.3.5.1}{Zweifaktortheorie nach Herzberg}{subsection.3.5}% 56
\BOOKMARK [3][-]{subsubsection.3.5.2}{Bed\374rfnistheorie nach Maslow}{subsection.3.5}% 57
\BOOKMARK [2][-]{subsection.3.6}{F\374hrungsstile}{section.3}% 58
\BOOKMARK [3][-]{subsubsection.3.6.1}{Autorit\344rer F\374hrungsstil}{subsection.3.6}% 59
\BOOKMARK [3][-]{subsubsection.3.6.2}{Kooperativer F\374hrungsstil}{subsection.3.6}% 60
\BOOKMARK [3][-]{subsubsection.3.6.3}{Laissez-faire F\374hrungsstil}{subsection.3.6}% 61
\BOOKMARK [2][-]{subsection.3.7}{Berufsbildungsgesetz}{section.3}% 62
\BOOKMARK [3][-]{subsubsection.3.7.1}{Berufsausbildungsgesetz}{subsection.3.7}% 63
\BOOKMARK [2][-]{subsection.3.8}{Rechte und Pflichten von Auszubildenden}{section.3}% 64
\BOOKMARK [1][-]{section.4}{Lernfeld 4 - Einfache IT-Systeme \(Oenings und W\344chter\)}{}% 65
\BOOKMARK [2][-]{subsection.4.1}{tl;dr - Zusammenfassung der Zusammenfassung}{section.4}% 66
\BOOKMARK [2][-]{subsection.4.2}{Software-Klassifikation}{section.4}% 67
\BOOKMARK [2][-]{subsection.4.3}{Interrupts}{section.4}% 68
\BOOKMARK [2][-]{subsection.4.4}{Prozessmanagment \(Scheduling\)}{section.4}% 69
\BOOKMARK [3][-]{subsubsection.4.4.1}{Scheduling-Algorithmen: Varianten}{subsection.4.4}% 70
\BOOKMARK [3][-]{subsubsection.4.4.2}{Nicht-preemptive Scheduling-Algorithmen: Stapelverarbeitungssysteme}{subsection.4.4}% 71
\BOOKMARK [3][-]{subsubsection.4.4.3}{Preemptive Scheduling-Algorithmen: interaktive Systeme}{subsection.4.4}% 72
\BOOKMARK [2][-]{subsection.4.5}{Lizenzen}{section.4}% 73
\BOOKMARK [3][-]{subsubsection.4.5.1}{Open Source}{subsection.4.5}% 74
\BOOKMARK [3][-]{subsubsection.4.5.2}{Freeware}{subsection.4.5}% 75
\BOOKMARK [3][-]{subsubsection.4.5.3}{Commercial Software}{subsection.4.5}% 76
\BOOKMARK [2][-]{subsection.4.6}{Boot-Prozess}{section.4}% 77
\BOOKMARK [3][-]{subsubsection.4.6.1}{BIOS vs UEFI}{subsection.4.6}% 78
\BOOKMARK [3][-]{subsubsection.4.6.2}{Power On Self-Test \(POST\)}{subsection.4.6}% 79
\BOOKMARK [3][-]{subsubsection.4.6.3}{Initiale Startphase}{subsection.4.6}% 80
\BOOKMARK [3][-]{subsubsection.4.6.4}{Bootloader-Phase}{subsection.4.6}% 81
\BOOKMARK [3][-]{subsubsection.4.6.5}{Hardware-Erkennungs- und Konfigurations-Phase}{subsection.4.6}% 82
\BOOKMARK [3][-]{subsubsection.4.6.6}{Kernel-Lade-Phase}{subsection.4.6}% 83
\BOOKMARK [3][-]{subsubsection.4.6.7}{Benutzer-Logon-Phase}{subsection.4.6}% 84
\BOOKMARK [3][-]{subsubsection.4.6.8}{Plug \046 Play - Ger\344teerkennung}{subsection.4.6}% 85
\BOOKMARK [3][-]{subsubsection.4.6.9}{Beschleunidung des Bootprozesses}{subsection.4.6}% 86
\BOOKMARK [3][-]{subsubsection.4.6.10}{\304nderungen in Windows 8}{subsection.4.6}% 87
\BOOKMARK [2][-]{subsection.4.7}{Memory Managment}{section.4}% 88
\BOOKMARK [3][-]{subsubsection.4.7.1}{Fetch Strategies - When?}{subsection.4.7}% 89
\BOOKMARK [3][-]{subsubsection.4.7.2}{Placement Strategies - Where?}{subsection.4.7}% 90
\BOOKMARK [3][-]{subsubsection.4.7.3}{Replacement Strategies - Which?}{subsection.4.7}% 91
\BOOKMARK [2][-]{subsection.4.8}{OS: Windows}{section.4}% 92
\BOOKMARK [3][-]{subsubsection.4.8.1}{Registry}{subsection.4.8}% 93
\BOOKMARK [2][-]{subsection.4.9}{OS: Unix/Linux}{section.4}% 94
\BOOKMARK [3][-]{subsubsection.4.9.1}{Grundlagen}{subsection.4.9}% 95
\BOOKMARK [3][-]{subsubsection.4.9.2}{Filesystem Hierarchy Standard \(FHS\)}{subsection.4.9}% 96
\BOOKMARK [2][-]{subsection.4.10}{Dokumentation}{section.4}% 97
\BOOKMARK [1][-]{section.5}{LF04 - Einfach IT-Systeme \(Wiegand\)}{}% 98
\BOOKMARK [2][-]{subsection.5.1}{tl;dr - Zusammenfassung der Zusammenfassung}{section.5}% 99
\BOOKMARK [2][-]{subsection.5.2}{Einf\374hrung}{section.5}% 100
\BOOKMARK [2][-]{subsection.5.3}{CPU}{section.5}% 101
\BOOKMARK [2][-]{subsection.5.4}{Bussysteme}{section.5}% 102
\BOOKMARK [2][-]{subsection.5.5}{Halbleiterspeicher}{section.5}% 103
\BOOKMARK [2][-]{subsection.5.6}{Festplatte}{section.5}% 104
\BOOKMARK [2][-]{subsection.5.7}{BIOS}{section.5}% 105
\BOOKMARK [2][-]{subsection.5.8}{PC Sicherheit}{section.5}% 106
\BOOKMARK [1][-]{section.6}{LF04 - Einfache IT-Systeme \(Wissmann\)}{}% 107
\BOOKMARK [2][-]{subsection.6.1}{tl;dr - Zusammenfassung der Zusammenfassung}{section.6}% 108
\BOOKMARK [3][-]{subsubsection.6.1.1}{Definitionen}{subsection.6.1}% 109
\BOOKMARK [3][-]{subsubsection.6.1.2}{Formelzeichen und Einheiten}{subsection.6.1}% 110
\BOOKMARK [3][-]{subsubsection.6.1.3}{Formeln}{subsection.6.1}% 111
\BOOKMARK [2][-]{subsection.6.2}{Elektrische Grundgr\366\337en}{section.6}% 112
\BOOKMARK [3][-]{subsubsection.6.2.1}{Elektrische Ladung, Spannung und Potential}{subsection.6.2}% 113
\BOOKMARK [3][-]{subsubsection.6.2.2}{Spannungsarten}{subsection.6.2}% 114
\BOOKMARK [3][-]{subsubsection.6.2.3}{Elektrischer Strom und Stromdichte}{subsection.6.2}% 115
\BOOKMARK [3][-]{subsubsection.6.2.4}{Elektrischer Widerstand und Leitwert}{subsection.6.2}% 116
\BOOKMARK [3][-]{subsubsection.6.2.5}{Elektrische Leistung}{subsection.6.2}% 117
\BOOKMARK [3][-]{subsubsection.6.2.6}{Elektrische Arbeit}{subsection.6.2}% 118
\BOOKMARK [3][-]{subsubsection.6.2.7}{Messung der elektrische Leistung mittels Elektrizit\344tsz\344hler}{subsection.6.2}% 119
\BOOKMARK [2][-]{subsection.6.3}{Zusammenschaltung von Widerst\344nden}{section.6}% 120
\BOOKMARK [3][-]{subsubsection.6.3.1}{Reihenschaltung}{subsection.6.3}% 121
\BOOKMARK [3][-]{subsubsection.6.3.2}{Parallelschaltung}{subsection.6.3}% 122
\BOOKMARK [3][-]{subsubsection.6.3.3}{Gemischte Schaltungen}{subsection.6.3}% 123
\BOOKMARK [3][-]{subsubsection.6.3.4}{Spannungsleiter}{subsection.6.3}% 124
\BOOKMARK [3][-]{subsubsection.6.3.5}{Arten von Widerst\344nden}{subsection.6.3}% 125
\BOOKMARK [2][-]{subsection.6.4}{Kondensatoren und elektrisches Feld}{section.6}% 126
\BOOKMARK [3][-]{subsubsection.6.4.1}{Elektrisches Feld eines Kondensators}{subsection.6.4}% 127
\BOOKMARK [3][-]{subsubsection.6.4.2}{Kondensatoren als Ladungsspeicher}{subsection.6.4}% 128
\BOOKMARK [3][-]{subsubsection.6.4.3}{Schaltungen von Kondensatoren}{subsection.6.4}% 129
\BOOKMARK [3][-]{subsubsection.6.4.4}{Kondensatoren im Gleichstromkreis}{subsection.6.4}% 130
\BOOKMARK [2][-]{subsection.6.5}{Spule und magnetisches Feld}{section.6}% 131
\BOOKMARK [3][-]{subsubsection.6.5.1}{Magnetisches Feld in einer Spule}{subsection.6.5}% 132
\BOOKMARK [3][-]{subsubsection.6.5.2}{Spule im Gleichstromkreis}{subsection.6.5}% 133
\BOOKMARK [2][-]{subsection.6.6}{Elektromagnetische Vertr\344glichkeit}{section.6}% 134
\BOOKMARK [3][-]{subsubsection.6.6.1}{St\366rquellen}{subsection.6.6}% 135
\BOOKMARK [3][-]{subsubsection.6.6.2}{Umgebungsklassen}{subsection.6.6}% 136
\BOOKMARK [1][-]{section.7}{Lernfeld 5 - Fachliches Englisch}{}% 137
\BOOKMARK [2][-]{subsection.7.1}{tl;dr - Zusammenfassung der Zusammenfassung}{section.7}% 138
\BOOKMARK [1][-]{section.8}{Lernfeld 6 - Datenbanken}{}% 139
\BOOKMARK [2][-]{subsection.8.1}{tl;dr - Zusammenfassung der Zusammenfassung}{section.8}% 140
\BOOKMARK [2][-]{subsection.8.2}{Datenbankenmodelle}{section.8}% 141
\BOOKMARK [3][-]{subsubsection.8.2.1}{Hierarchisches Datenbankmodell}{subsection.8.2}% 142
\BOOKMARK [3][-]{subsubsection.8.2.2}{Relationales Datenbankmodell}{subsection.8.2}% 143
\BOOKMARK [3][-]{subsubsection.8.2.3}{Netzwerkdatenbankmodell}{subsection.8.2}% 144
\BOOKMARK [3][-]{subsubsection.8.2.4}{Objektorientiertes Datenbankmodell}{subsection.8.2}% 145
\BOOKMARK [3][-]{subsubsection.8.2.5}{Objektrationales Datenbankmodell}{subsection.8.2}% 146
\BOOKMARK [2][-]{subsection.8.3}{MySQL}{section.8}% 147
\BOOKMARK [3][-]{subsubsection.8.3.1}{DAS \205 Database Administration Statements}{subsection.8.3}% 148
\BOOKMARK [3][-]{subsubsection.8.3.2}{DDL \205 Data Definition Language}{subsection.8.3}% 149
\BOOKMARK [3][-]{subsubsection.8.3.3}{DQL \205 Data Query Language}{subsection.8.3}% 150
\BOOKMARK [3][-]{subsubsection.8.3.4}{Wildcards}{subsection.8.3}% 151
\BOOKMARK [3][-]{subsubsection.8.3.5}{DML \205 Data Manipulation Language}{subsection.8.3}% 152
\BOOKMARK [3][-]{subsubsection.8.3.6}{DCL \205 Data Conrol Language}{subsection.8.3}% 153
\BOOKMARK [3][-]{subsubsection.8.3.7}{Alternative zu MySQL: MariaDB}{subsection.8.3}% 154
\BOOKMARK [2][-]{subsection.8.4}{Ablauf der Datenbankentwicklung}{section.8}% 155
\BOOKMARK [1][-]{section.9}{Lernfeld 6 - Programmieren}{}% 156
\BOOKMARK [2][-]{subsection.9.1}{tl;dr - Zusammenfassung der Zusammenfassung}{section.9}% 157
\BOOKMARK [2][-]{subsection.9.2}{Einf\374hrung in HTML und PHP}{section.9}% 158
\BOOKMARK [3][-]{subsubsection.9.2.1}{HTML5: Kurzreferenz}{subsection.9.2}% 159
\BOOKMARK [2][-]{subsection.9.3}{PHP}{section.9}% 160
\BOOKMARK [3][-]{subsubsection.9.3.1}{Quotation unter PHP}{subsection.9.3}% 161
\BOOKMARK [2][-]{subsection.9.4}{Formulardaten}{section.9}% 162
\BOOKMARK [3][-]{subsubsection.9.4.1}{Formulardaten: HTML}{subsection.9.4}% 163
\BOOKMARK [3][-]{subsubsection.9.4.2}{Formulardaten: PHP}{subsection.9.4}% 164
\BOOKMARK [2][-]{subsection.9.5}{Strukturierte Programmierung}{section.9}% 165
\BOOKMARK [2][-]{subsection.9.6}{Programmablaufplan und Struktogramm}{section.9}% 166
\BOOKMARK [2][-]{subsection.9.7}{Verzweigungen und Schleifen}{section.9}% 167
\BOOKMARK [3][-]{subsubsection.9.7.1}{Vergleichsoperatoren, Verkn\374pfungen und \334berpr\374fung von Eingabewerten}{subsection.9.7}% 168
\BOOKMARK [3][-]{subsubsection.9.7.2}{IF}{subsection.9.7}% 169
\BOOKMARK [3][-]{subsubsection.9.7.3}{Switch-Case}{subsection.9.7}% 170
\BOOKMARK [3][-]{subsubsection.9.7.4}{Schleifen}{subsection.9.7}% 171
\BOOKMARK [3][-]{subsubsection.9.7.5}{Arrays}{subsection.9.7}% 172
\BOOKMARK [2][-]{subsection.9.8}{Aufgaben und Beispiele}{section.9}% 173
\BOOKMARK [3][-]{subsubsection.9.8.1}{LS01: }{subsection.9.8}% 174
\BOOKMARK [3][-]{subsubsection.9.8.2}{LS02: }{subsection.9.8}% 175
\BOOKMARK [3][-]{subsubsection.9.8.3}{LS03: }{subsection.9.8}% 176
\BOOKMARK [1][-]{section.10}{Politik und Gesellschaftslehre}{}% 177
\BOOKMARK [2][-]{subsection.10.1}{tl;dr - Zusammenfassung der Zusammenfassung}{section.10}% 178
\BOOKMARK [2][-]{subsection.10.2}{Lebenslanges Lernen}{section.10}% 179
\BOOKMARK [2][-]{subsection.10.3}{Personalentwicklung - Definition}{section.10}% 180
\BOOKMARK [3][-]{subsubsection.10.3.1}{Prinzipien einer zukunftsorientierten Personalentwicklung}{subsection.10.3}% 181
\BOOKMARK [3][-]{subsubsection.10.3.2}{Personalentwicklung}{subsection.10.3}% 182
\BOOKMARK [3][-]{subsubsection.10.3.3}{Adressaten der Personalentwicklung}{subsection.10.3}% 183
\BOOKMARK [2][-]{subsection.10.4}{Rente und Altersarmut}{section.10}% 184
\BOOKMARK [1][-]{section.11}{Credits}{}% 185
