\BOOKMARK [1][-]{section.1}{Lernfeld 2 - Gesch\344ftsprozesse und betriebliche Organisation}{}% 1
\BOOKMARK [2][-]{subsection.1.1}{tl;dr - Zusammenfassung der Zusammenfassung}{section.1}% 2
\BOOKMARK [2][-]{subsection.1.2}{Projektmanagment}{section.1}% 3
\BOOKMARK [3][-]{subsubsection.1.2.1}{Kriterien eines Projektes}{subsection.1.2}% 4
\BOOKMARK [3][-]{subsubsection.1.2.2}{Anl\344sse f\374r Projekte}{subsection.1.2}% 5
\BOOKMARK [3][-]{subsubsection.1.2.3}{Magisches Dreieck des Projektmanagments}{subsection.1.2}% 6
\BOOKMARK [3][-]{subsubsection.1.2.4}{Planungsphasen von Projekten}{subsection.1.2}% 7
\BOOKMARK [3][-]{subsubsection.1.2.5}{Projektantrag und Projektauftrag}{subsection.1.2}% 8
\BOOKMARK [3][-]{subsubsection.1.2.6}{Lasten- und Pflichtenheft}{subsection.1.2}% 9
\BOOKMARK [3][-]{subsubsection.1.2.7}{Warum hat Projektmanagement an Bedeutung gewonnen?}{subsection.1.2}% 10
\BOOKMARK [3][-]{subsubsection.1.2.8}{Projektorganisation}{subsection.1.2}% 11
\BOOKMARK [3][-]{subsubsection.1.2.9}{Projektkoordination}{subsection.1.2}% 12
\BOOKMARK [2][-]{subsection.1.3}{Unternehmensorganisation}{section.1}% 13
\BOOKMARK [2][-]{subsection.1.4}{Projektcontrolling}{section.1}% 14
\BOOKMARK [3][-]{subsubsection.1.4.1}{Betriebswirtschaftliche Kennzahlen und Auswertungen}{subsection.1.4}% 15
\BOOKMARK [3][-]{subsubsection.1.4.2}{Benchmarking}{subsection.1.4}% 16
\BOOKMARK [3][-]{subsubsection.1.4.3}{Balanced Scorecard}{subsection.1.4}% 17
\BOOKMARK [2][-]{subsection.1.5}{Mitarbeitermotivation}{section.1}% 18
\BOOKMARK [3][-]{subsubsection.1.5.1}{Zweifaktortheorie nach Herzberg}{subsection.1.5}% 19
\BOOKMARK [3][-]{subsubsection.1.5.2}{Bed\374rfnistheorie nach Maslow}{subsection.1.5}% 20
\BOOKMARK [2][-]{subsection.1.6}{F\374hrungsstile}{section.1}% 21
\BOOKMARK [3][-]{subsubsection.1.6.1}{Autorit\344rer F\374hrungsstil}{subsection.1.6}% 22
\BOOKMARK [3][-]{subsubsection.1.6.2}{Kooperativer F\374hrungsstil}{subsection.1.6}% 23
\BOOKMARK [3][-]{subsubsection.1.6.3}{Laissez-faire F\374hrungsstil}{subsection.1.6}% 24
\BOOKMARK [2][-]{subsection.1.7}{Berufsbildungsgesetz}{section.1}% 25
\BOOKMARK [3][-]{subsubsection.1.7.1}{Berufsausbildungsgesetz}{subsection.1.7}% 26
\BOOKMARK [2][-]{subsection.1.8}{Rechte und Pflichten von Auszubildenden}{section.1}% 27
