\BOOKMARK [1][-]{section.1}{Lernfeld 7 - Vernetzte IT-Systeme / PUKR}{}% 1
\BOOKMARK [2][-]{subsection.1.1}{Was ist das Internet?}{section.1}% 2
\BOOKMARK [2][-]{subsection.1.2}{DNS - Domain Name System}{section.1}% 3
\BOOKMARK [2][-]{subsection.1.3}{IPv4 - Internet Protocol}{section.1}% 4
\BOOKMARK [3][-]{subsubsection.1.3.1}{Classful Subnetting}{subsection.1.3}% 5
\BOOKMARK [3][-]{subsubsection.1.3.2}{Classless Inter-Domain Routing}{subsection.1.3}% 6
\BOOKMARK [2][-]{subsection.1.4}{IPv6}{section.1}% 7
\BOOKMARK [2][-]{subsection.1.5}{Transportschicht}{section.1}% 8
\BOOKMARK [2][-]{subsection.1.6}{Router und Routingprotokolle}{section.1}% 9
\BOOKMARK [3][-]{subsubsection.1.6.1}{RIP und OSPF}{subsection.1.6}% 10
\BOOKMARK [3][-]{subsubsection.1.6.2}{Border Gateway Protocol - BGP}{subsection.1.6}% 11
\BOOKMARK [2][-]{subsection.1.7}{Algorithmen}{section.1}% 12
\BOOKMARK [2][-]{subsection.1.8}{Anwendungsschicht}{section.1}% 13
\BOOKMARK [2][-]{subsection.1.9}{Netzwerksicherheit und Firewalls}{section.1}% 14
\BOOKMARK [3][-]{subsubsection.1.9.1}{Firewalls: Zonen}{subsection.1.9}% 15
\BOOKMARK [3][-]{subsubsection.1.9.2}{Firewalls: Generationen}{subsection.1.9}% 16
\BOOKMARK [3][-]{subsubsection.1.9.3}{Firewalls: Konzepte}{subsection.1.9}% 17
\BOOKMARK [1][-]{section.2}{Lernfeld 7 - Vernetzte IT-Systeme / SEIB}{}% 18
\BOOKMARK [2][-]{subsection.2.1}{Grundlagen der technischen Kommunikation}{section.2}% 19
\BOOKMARK [3][-]{subsubsection.2.1.1}{Gr\374nde f\374r die Vernetzung}{subsection.2.1}% 20
\BOOKMARK [3][-]{subsubsection.2.1.2}{Das ISO/OSI-Referenzmodell}{subsection.2.1}% 21
\BOOKMARK [3][-]{subsubsection.2.1.3}{Netzwerktopologie}{subsection.2.1}% 22
\BOOKMARK [3][-]{subsubsection.2.1.4}{\334bertragungsmedien}{subsection.2.1}% 23
\BOOKMARK [2][-]{subsection.2.2}{Strukturierte Verkabelung}{section.2}% 24
\BOOKMARK [2][-]{subsection.2.3}{Hochverf\374gbarkeit}{section.2}% 25
\BOOKMARK [3][-]{subsubsection.2.3.1}{Spanning Tree Protocol}{subsection.2.3}% 26
